<?xml version="1.0" encoding="UTF-8"?>
<!-- Generated by org.testng.reporters.JUnitReportReporter -->
<testsuite hostname="DESKTOP-S6PS9AD" failures="0" tests="1" name="com.java.ScreenShot.FB_getScreenShot" time="31.746" errors="0" timestamp="2023-07-08T17:09:24 IST" skipped="0">
  <testcase classname="com.java.ScreenShot.FB_getScreenShot" name="test1" time="31.746"/>
  <system-out/>
</testsuite> <!-- com.java.ScreenShot.FB_getScreenShot -->
