<?xml version="1.0" encoding="UTF-8"?>
<!-- Generated by org.testng.reporters.JUnitReportReporter -->
<testsuite hostname="DESKTOP-S6PS9AD" failures="0" tests="1" name="com.java.Screenshot_1.FB_getScreenShot" time="34.601" errors="0" timestamp="2023-07-08T17:19:55 IST" skipped="0">
  <testcase classname="com.java.Screenshot_1.FB_getScreenShot" name="test1" time="34.601"/>
  <system-out/>
</testsuite> <!-- com.java.Screenshot_1.FB_getScreenShot -->
