<?xml version="1.0" encoding="UTF-8"?>
<!-- Generated by org.testng.reporters.JUnitReportReporter -->
<testsuite hostname="DESKTOP-S6PS9AD" failures="0" tests="1" name="com.java.actionsClass.Demo" time="0.029" errors="0" timestamp="2023-06-17T18:35:43 IST" skipped="0">
  <testcase classname="com.java.actionsClass.Demo" name="print" time="0.029"/>
  <system-out/>
</testsuite> <!-- com.java.actionsClass.Demo -->
