<?xml version="1.0" encoding="UTF-8"?>
<!-- Generated by org.testng.reporters.JUnitReportReporter -->
<testsuite hostname="DESKTOP-S6PS9AD" failures="0" tests="1" name="Demo" time="0.049" errors="0" timestamp="2023-06-17T18:26:27 IST" skipped="0">
  <testcase classname="Demo" name="print" time="0.049"/>
  <system-out/>
</testsuite> <!-- Demo -->
