<?xml version="1.0" encoding="UTF-8"?>
<!-- Generated by org.testng.reporters.JUnitReportReporter -->
<testsuite hostname="DESKTOP-S6PS9AD" failures="0" tests="1" name="com.java.Excel.FileRead_Selenium" time="0.147" errors="0" timestamp="2023-07-03T08:15:57 IST" skipped="0">
  <testcase classname="com.java.Excel.FileRead_Selenium" name="fileRead" time="0.147"/>
  <system-out/>
</testsuite> <!-- com.java.Excel.FileRead_Selenium -->
