<?xml version="1.0" encoding="UTF-8"?>
<!-- Generated by org.testng.reporters.JUnitReportReporter -->
<testsuite hostname="DESKTOP-S6PS9AD" failures="0" tests="1" name="com.java.Assert_demo.SoftAssertDemo" time="0.028" errors="0" timestamp="2023-07-14T11:57:20 IST" skipped="0">
  <testcase classname="com.java.Assert_demo.SoftAssertDemo" name="softassertDemo" time="0.028"/>
  <system-out/>
</testsuite> <!-- com.java.Assert_demo.SoftAssertDemo -->
