<?xml version="1.0" encoding="UTF-8"?>
<!-- Generated by org.testng.reporters.JUnitReportReporter -->
<testsuite hostname="DESKTOP-S6PS9AD" failures="0" tests="1" name="com.java.TestNG.Parameters_Class" time="0.014" errors="0" timestamp="2023-07-04T08:41:19 IST" skipped="0">
  <testcase classname="com.java.TestNG.Parameters_Class" name="test1" time="0.014"/>
  <system-out/>
</testsuite> <!-- com.java.TestNG.Parameters_Class -->
