<?xml version="1.0" encoding="UTF-8"?>
<!-- Generated by org.testng.reporters.JUnitReportReporter -->
<testsuite hostname="DESKTOP-S6PS9AD" failures="0" tests="1" name="com.java.actionsClass.Method" time="0.024" errors="0" timestamp="2023-05-30T08:47:07 IST" skipped="0">
  <testcase classname="com.java.actionsClass.Method" name="testing" time="0.024"/>
  <system-out/>
</testsuite> <!-- com.java.actionsClass.Method -->
