<?xml version="1.0" encoding="UTF-8"?>
<!-- Generated by org.testng.reporters.JUnitReportReporter -->
<testsuite hostname="DESKTOP-S6PS9AD" failures="0" tests="3" name="com.java.TestNG.TestAnnotation" time="0.048" errors="0" timestamp="2023-07-22T08:38:29 IST" skipped="0">
  <testcase classname="com.java.TestNG.TestAnnotation" name="test4" time="0.006"/>
  <system-out/>
  <testcase classname="com.java.TestNG.TestAnnotation" name="test2" time="0.028"/>
  <system-out/>
  <testcase classname="com.java.TestNG.TestAnnotation" name="test3" time="0.014"/>
  <system-out/>
</testsuite> <!-- com.java.TestNG.TestAnnotation -->
