<?xml version="1.0" encoding="UTF-8"?>
<!-- Generated by org.testng.reporters.JUnitReportReporter -->
<testsuite hostname="DESKTOP-S6PS9AD" failures="0" tests="2" name="com.java.Screenshot_1.Amazon_site_MultipleScreenshot_with_Pass_TestCase" time="76.158" errors="0" timestamp="2023-07-08T19:01:32 IST" skipped="0">
  <testcase classname="com.java.Screenshot_1.Amazon_site_MultipleScreenshot_with_Pass_TestCase" name="amazonHomePageTest1" time="41.271"/>
  <system-out/>
  <testcase classname="com.java.Screenshot_1.Amazon_site_MultipleScreenshot_with_Pass_TestCase" name="amazonHomePageTest2" time="34.887"/>
  <system-out/>
</testsuite> <!-- com.java.Screenshot_1.Amazon_site_MultipleScreenshot_with_Pass_TestCase -->
